{
  "RSpec": {
    "coverage": {
      "/home/bento/Documentos/Workspace/labs-code-test/config/environment.rb": {
        "lines": [
          null,
          1,
          null,
          null,
          1,
          null,
          null,
          1,
          null,
          1,
          1,
          null,
          1,
          1,
          4,
          null,
          null,
          null
        ]
      },
      "/home/bento/Documentos/Workspace/labs-code-test/config/application.rb": {
        "lines": [
          1,
          null,
          1,
          null,
          1,
          1,
          1,
          1,
          1,
          1,
          1,
          1,
          1,
          1,
          null,
          null,
          null,
          null,
          null,
          1,
          null,
          1,
          1,
          null,
          1,
          null,
          null,
          null,
          null,
          null,
          null,
          null,
          null,
          null,
          1,
          null,
          null
        ]
      },
      "/home/bento/Documentos/Workspace/labs-code-test/config/boot.rb": {
        "lines": [
          1,
          null,
          1,
          1
        ]
      },
      "/home/bento/Documentos/Workspace/labs-code-test/config/environments/test.rb": {
        "lines": [
          null,
          null,
          null,
          null,
          null,
          1,
          null,
          null,
          1,
          1,
          null,
          null,
          null,
          null,
          1,
          null,
          null,
          1,
          1,
          null,
          null,
          null,
          null,
          1,
          1,
          1,
          null,
          null,
          1,
          null,
          null,
          1,
          null,
          null,
          1,
          null,
          1,
          null,
          null,
          null,
          null,
          1,
          null,
          null,
          1,
          null,
          null,
          null,
          null
        ]
      },
      "/home/bento/Documentos/Workspace/labs-code-test/config/initializers/application_controller_renderer.rb": {
        "lines": [
          null,
          null,
          null,
          null,
          null,
          null,
          null,
          null
        ]
      },
      "/home/bento/Documentos/Workspace/labs-code-test/config/initializers/backtrace_silencers.rb": {
        "lines": [
          null,
          null,
          null,
          null,
          null,
          null,
          null
        ]
      },
      "/home/bento/Documentos/Workspace/labs-code-test/config/initializers/cors.rb": {
        "lines": [
          null,
          null,
          null,
          null,
          null,
          null,
          null,
          null,
          null,
          null,
          null,
          null,
          null,
          null,
          null,
          null
        ]
      },
      "/home/bento/Documentos/Workspace/labs-code-test/config/initializers/filter_parameter_logging.rb": {
        "lines": [
          null,
          null,
          null,
          1
        ]
      },
      "/home/bento/Documentos/Workspace/labs-code-test/config/initializers/inflections.rb": {
        "lines": [
          null,
          null,
          null,
          null,
          null,
          null,
          null,
          null,
          null,
          null,
          null,
          null,
          null,
          null,
          null,
          null
        ]
      },
      "/home/bento/Documentos/Workspace/labs-code-test/config/initializers/mime_types.rb": {
        "lines": [
          null,
          null,
          null,
          null
        ]
      },
      "/home/bento/Documentos/Workspace/labs-code-test/config/initializers/wrap_parameters.rb": {
        "lines": [
          null,
          null,
          null,
          null,
          null,
          null,
          1,
          1,
          null,
          null,
          null,
          null,
          null,
          null
        ]
      },
      "/home/bento/Documentos/Workspace/labs-code-test/spec/factories/account.rb": {
        "lines": [
          1,
          1,
          16,
          16,
          16,
          16,
          16,
          16,
          null,
          null
        ]
      },
      "/home/bento/Documentos/Workspace/labs-code-test/spec/factories/account_transaction.rb": {
        "lines": [
          1,
          1,
          4,
          4,
          4,
          null,
          null
        ]
      },
      "/home/bento/Documentos/Workspace/labs-code-test/spec/factories/user.rb": {
        "lines": [
          1,
          1,
          32,
          32,
          32,
          32,
          32,
          32,
          32,
          null,
          null
        ]
      },
      "/home/bento/Documentos/Workspace/labs-code-test/config/routes.rb": {
        "lines": [
          1,
          null,
          null
        ]
      },
      "/home/bento/Documentos/Workspace/labs-code-test/spec/support/factory_bot.rb": {
        "lines": [
          1,
          1,
          null
        ]
      },
      "/home/bento/Documentos/Workspace/labs-code-test/app/models/account.rb": {
        "lines": [
          1,
          1,
          null,
          1,
          null,
          null,
          null,
          null,
          1,
          null,
          null,
          null,
          null,
          null,
          1,
          null,
          null,
          1,
          1,
          null
        ]
      },
      "/home/bento/Documentos/Workspace/labs-code-test/app/models/application_record.rb": {
        "lines": [
          1,
          1,
          null
        ]
      },
      "/home/bento/Documentos/Workspace/labs-code-test/spec/models/account_transaction_spec.rb": {
        "lines": [
          1,
          null,
          1,
          4,
          null,
          1,
          1,
          2,
          null,
          null,
          1,
          2,
          2,
          null,
          null,
          null
        ]
      },
      "/home/bento/Documentos/Workspace/labs-code-test/app/models/account_transaction.rb": {
        "lines": [
          1,
          1,
          null,
          1,
          null,
          1,
          1,
          null
        ]
      },
      "/home/bento/Documentos/Workspace/labs-code-test/spec/models/user_spec.rb": {
        "lines": [
          1,
          null,
          1,
          16,
          null,
          1,
          1,
          2,
          null,
          null,
          1,
          2,
          2,
          2,
          2,
          2,
          2,
          2,
          null,
          null,
          1,
          2,
          2,
          null,
          null,
          1,
          2,
          2,
          2,
          2,
          2,
          null,
          null,
          null
        ]
      },
      "/home/bento/Documentos/Workspace/labs-code-test/app/models/user.rb": {
        "lines": [
          1,
          1,
          null,
          1,
          1,
          null,
          null,
          null,
          null,
          1,
          1,
          1,
          1,
          1,
          null
        ]
      },
      "/home/bento/Documentos/Workspace/labs-code-test/spec/services/account_create_service_spec.rb": {
        "lines": [
          1,
          null,
          1,
          2,
          null,
          1,
          2,
          null,
          1,
          1,
          1,
          1,
          1,
          1,
          null,
          null,
          null
        ]
      },
      "/home/bento/Documentos/Workspace/labs-code-test/app/services/account_create_service.rb": {
        "lines": [
          1,
          1,
          null,
          1,
          1,
          null,
          1,
          null,
          1,
          3,
          null,
          null,
          1,
          3,
          null,
          null,
          1,
          3,
          3,
          null,
          null,
          null,
          null,
          null,
          null,
          null,
          null,
          3,
          null,
          3,
          null,
          null,
          null
        ]
      },
      "/home/bento/Documentos/Workspace/labs-code-test/spec/services/user_create_service_spec.rb": {
        "lines": [
          1,
          null,
          1,
          1,
          3,
          null,
          null,
          1,
          null,
          3,
          null,
          null,
          null,
          null,
          null,
          null,
          null,
          null,
          1,
          4,
          null,
          1,
          1,
          1,
          1,
          1,
          1,
          1,
          1,
          null,
          null,
          1,
          1,
          null,
          1,
          null,
          null,
          1,
          1,
          null,
          1,
          null,
          null,
          null,
          null,
          null,
          null,
          null,
          null,
          1,
          1,
          1,
          1,
          null,
          1,
          1,
          1,
          null,
          null,
          null,
          null,
          null,
          1,
          1,
          1,
          1,
          null,
          1,
          1,
          null,
          1,
          null,
          null,
          null
        ]
      },
      "/home/bento/Documentos/Workspace/labs-code-test/app/services/user_create_service.rb": {
        "lines": [
          1,
          1,
          null,
          1,
          3,
          3,
          3,
          3,
          3,
          3,
          null,
          null,
          1,
          1,
          null,
          null,
          1,
          3,
          null,
          null,
          1,
          null,
          1,
          3,
          3,
          null,
          null,
          null,
          null,
          null,
          null,
          null,
          null,
          null,
          3,
          null,
          3,
          null,
          null,
          null,
          1,
          3,
          null,
          null,
          1,
          2,
          null,
          null
        ]
      }
    },
    "timestamp": 1597232250
  }
}
